<?xml version="1.0" encoding="UTF-8"?>
<!-- Generated by org.testng.reporters.JUnitXMLReporter -->
<testsuite ignored="0" hostname="DESKTOP-Q2RM1HI" failures="0" tests="8" name="Test" time="65.384" errors="0" timestamp="2021-12-28T16:25:29 IST">
  <testcase classname="nopCommerceTestCases.NopCommerceAddCustomer" name="verifyTitle" time="0.014"/>
  <testcase classname="nopCommerceTestCases.NopCommerceAddCustomer" name="loginApp" time="5.075"/>
  <testcase classname="nopCommerceTestCases.NopCommerceAddCustomer" name="addCustomer" time="17.664"/>
  <testcase classname="nopCommerceTestCases.NopCommerceAddCustomer" name="logout" time="4.24"/>
  <testcase classname="nopCommerceTestCases.NopCommerceSearchCustomer" name="verifyTitle" time="0.007"/>
  <testcase classname="nopCommerceTestCases.NopCommerceSearchCustomer" name="loginApp" time="7.504"/>
  <testcase classname="nopCommerceTestCases.NopCommerceSearchCustomer" name="searchCustomer" time="14.981"/>
  <testcase classname="nopCommerceTestCases.NopCommerceSearchCustomer" name="logout" time="3.756"/>
</testsuite> <!-- Test -->
