<?xml version="1.0" encoding="UTF-8"?>
<!-- Generated by org.testng.reporters.JUnitXMLReporter -->
<testsuite ignored="0" hostname="DESKTOP-Q2RM1HI" failures="0" tests="4" name="Test2" time="33.714" errors="0" timestamp="2021-12-28T16:32:12 IST">
  <testcase classname="nopCommerceTestCases.NopCommerceSearchCustomer" name="verifyTitle" time="0.014"/>
  <testcase classname="nopCommerceTestCases.NopCommerceSearchCustomer" name="loginApp" time="7.646"/>
  <testcase classname="nopCommerceTestCases.NopCommerceSearchCustomer" name="searchCustomer" time="15.15"/>
  <testcase classname="nopCommerceTestCases.NopCommerceSearchCustomer" name="logout" time="4.054"/>
</testsuite> <!-- Test2 -->
